<?xml version="1.0" encoding="UTF-8"?>
<!-- Generated by org.testng.reporters.JUnitReportReporter -->
<testsuite skipped="0" hostname="DESKTOP-TKGPUDE" name="com.test.test.TestNGTodo" tests="1" failures="0" timestamp="2020-02-15T02:33:29 PST" time="0.001" errors="0">
  <testcase name="testSimple" time="0.001" classname="com.test.test.TestNGTodo"/>
  <system-out/>
</testsuite> <!-- com.test.test.TestNGTodo -->
