<?xml version="1.0" encoding="UTF-8"?>
<!-- Generated by org.testng.reporters.JUnitReportReporter -->
<testsuite skipped="0" hostname="DESKTOP-TKGPUDE" name="TestRunner.Runner" tests="1" failures="0" timestamp="2020-02-16T17:48:42 PST" time="93.971" errors="0">
  <testcase name="feature" time="93.971" classname="TestRunner.Runner"/>
  <system-out/>
</testsuite> <!-- TestRunner.Runner -->
